./gradlew installDebug

> Configure project :app
WARNING: The option 'android.keepTimestampsInApk' is deprecated.
The current default is 'false'.
It was removed in version 3.6 of the Android Gradle plugin.
The ability to keep timestamps in the APK is removed in AGP 3.6

> Task :app:compileDebugKotlin
w: file:///home/dcar/projects/cal-date-widget/app/src/main/java/ai/dcar/caldatewidget/ConfigActivity.kt:182:34 Parameter 'addToUndo' is never used
w: file:///home/dcar/projects/cal-date-widget/app/src/main/java/ai/dcar/caldatewidget/DateWidgetProvider.kt:54:21 Variable 'maxHeight' is never used
w: file:///home/dcar/projects/cal-date-widget/app/src/main/java/ai/dcar/caldatewidget/DateWidgetProvider.kt:56:21 Variable 'maxWidth' is never used
e: Daemon compilation failed: null
java.lang.Exception
        at org.jetbrains.kotlin.daemon.common.CompileService$CallResult$Error.get(CompileService.kt:69)
        at org.jetbrains.kotlin.daemon.common.CompileService$CallResult$Error.get(CompileService.kt:65)
        at org.jetbrains.kotlin.compilerRunner.GradleKotlinCompilerWork.compileWithDaemon(GradleKotlinCompilerWork.kt:244)
        at org.jetbrains.kotlin.compilerRunner.GradleKotlinCompilerWork.compileWithDaemonOrFallbackImpl(GradleKotlinCompilerWork.kt:175)
        at org.jetbrains.kotlin.compilerRunner.GradleKotlinCompilerWork.run(GradleKotlinCompilerWork.kt:135)
        at org.jetbrains.kotlin.compilerRunner.GradleCompilerRunnerWithWorkers$GradleKotlinCompilerWorkAction.execute(GradleCompilerRunnerWithWorkers.kt:73)
        at org.gradle.workers.internal.DefaultWorkerServer.execute(DefaultWorkerServer.java:63)
        at org.gradle.workers.internal.NoIsolationWorkerFactory$1$1.create(NoIsolationWorkerFactory.java:66)
        at org.gradle.workers.internal.NoIsolationWorkerFactory$1$1.create(NoIsolationWorkerFactory.java:62)
        at org.gradle.internal.classloader.ClassLoaderUtils.executeInClassloader(ClassLoaderUtils.java:100)
        at org.gradle.workers.internal.NoIsolationWorkerFactory$1.lambda$execute$0(NoIsolationWorkerFactory.java:62)
        at org.gradle.workers.internal.AbstractWorker$1.call(AbstractWorker.java:44)
        at org.gradle.workers.internal.AbstractWorker$1.call(AbstractWorker.java:41)
        at org.gradle.internal.operations.DefaultBuildOperationRunner$CallableBuildOperationWorker.execute(DefaultBuildOperationRunner.java:210)
        at org.gradle.internal.operations.DefaultBuildOperationRunner$CallableBuildOperationWorker.execute(DefaultBuildOperationRunner.java:205)
        at org.gradle.internal.operations.DefaultBuildOperationRunner$2.execute(DefaultBuildOperationRunner.java:67)
        at org.gradle.internal.operations.DefaultBuildOperationRunner$2.execute(DefaultBuildOperationRunner.java:60)
        at org.gradle.internal.operations.DefaultBuildOperationRunner.execute(DefaultBuildOperationRunner.java:167)
        at org.gradle.internal.operations.DefaultBuildOperationRunner.execute(DefaultBuildOperationRunner.java:60)
        at org.gradle.internal.operations.DefaultBuildOperationRunner.call(DefaultBuildOperationRunner.java:54)
        at org.gradle.workers.internal.AbstractWorker.executeWrappedInBuildOperation(AbstractWorker.java:41)
        at org.gradle.workers.internal.NoIsolationWorkerFactory$1.execute(NoIsolationWorkerFactory.java:59)
        at org.gradle.workers.internal.DefaultWorkerExecutor.lambda$submitWork$0(DefaultWorkerExecutor.java:174)
        at java.base/java.util.concurrent.FutureTask.run(FutureTask.java:328)
        at org.gradle.internal.work.DefaultConditionalExecutionQueue$ExecutionRunner.runExecution(DefaultConditionalExecutionQueue.java:194)
        at org.gradle.internal.work.DefaultConditionalExecutionQueue$ExecutionRunner.access$700(DefaultConditionalExecutionQueue.java:127)
        at org.gradle.internal.work.DefaultConditionalExecutionQueue$ExecutionRunner$1.run(DefaultConditionalExecutionQueue.java:169)
        at org.gradle.internal.Factories$1.create(Factories.java:31)
        at org.gradle.internal.work.DefaultWorkerLeaseService.withLocks(DefaultWorkerLeaseService.java:263)
        at org.gradle.internal.work.DefaultWorkerLeaseService.runAsWorkerThread(DefaultWorkerLeaseService.java:127)
        at org.gradle.internal.work.DefaultWorkerLeaseService.runAsWorkerThread(DefaultWorkerLeaseService.java:132)
        at org.gradle.internal.work.DefaultConditionalExecutionQueue$ExecutionRunner.runBatch(DefaultConditionalExecutionQueue.java:164)
        at org.gradle.internal.work.DefaultConditionalExecutionQueue$ExecutionRunner.run(DefaultConditionalExecutionQueue.java:133)
        at java.base/java.util.concurrent.Executors$RunnableAdapter.call(Executors.java:545)
        at java.base/java.util.concurrent.FutureTask.run(FutureTask.java:328)
        at org.gradle.internal.concurrent.ExecutorPolicy$CatchAndRecordFailures.onExecute(ExecutorPolicy.java:64)
        at org.gradle.internal.concurrent.AbstractManagedExecutor$1.run(AbstractManagedExecutor.java:48)
        at java.base/java.util.concurrent.ThreadPoolExecutor.runWorker(ThreadPoolExecutor.java:1090)
        at java.base/java.util.concurrent.ThreadPoolExecutor$Worker.run(ThreadPoolExecutor.java:614)
        at java.base/java.lang.Thread.run(Thread.java:1474)
Caused by: java.lang.IllegalArgumentException: 25.0.1
        at org.jetbrains.kotlin.com.intellij.util.lang.JavaVersion.parse(JavaVersion.java:305)
        at org.jetbrains.kotlin.com.intellij.util.lang.JavaVersion.current(JavaVersion.java:174)
        at org.jetbrains.kotlin.com.intellij.util.io.ByteBufferUtil.cleanBuffer(ByteBufferUtil.java:23)
        at org.jetbrains.kotlin.com.intellij.util.io.DirectBufferWrapper.release(DirectBufferWrapper.java:132)
        at org.jetbrains.kotlin.com.intellij.util.io.FilePageCache.disposeRemovedSegments(FilePageCache.java:190)
        at org.jetbrains.kotlin.com.intellij.util.io.FilePageCache.invalidateBuffer(FilePageCache.java:315)
        at org.jetbrains.kotlin.com.intellij.util.io.PagedFileStorage.resize(PagedFileStorage.java:273)
        at org.jetbrains.kotlin.com.intellij.util.io.ResizeableMappedFile.expand(ResizeableMappedFile.java:119)
        at org.jetbrains.kotlin.com.intellij.util.io.ResizeableMappedFile.ensureSize(ResizeableMappedFile.java:88)
        at org.jetbrains.kotlin.com.intellij.util.io.ResizeableMappedFile.putInt(ResizeableMappedFile.java:209)
        at org.jetbrains.kotlin.com.intellij.util.io.PersistentEnumeratorBase.markDirty(PersistentEnumeratorBase.java:564)
        at org.jetbrains.kotlin.com.intellij.util.io.PersistentEnumeratorBase.<init>(PersistentEnumeratorBase.java:141)
        at org.jetbrains.kotlin.com.intellij.util.io.PersistentBTreeEnumerator.<init>(PersistentBTreeEnumerator.java:93)
        at org.jetbrains.kotlin.com.intellij.util.io.PersistentEnumerator.createDefaultEnumerator(PersistentEnumerator.java:66)
        at org.jetbrains.kotlin.com.intellij.util.io.PersistentMapImpl.<init>(PersistentMapImpl.java:136)
        at org.jetbrains.kotlin.com.intellij.util.io.PersistentMapBuilder.buildImplementation(PersistentMapBuilder.java:62)
        at org.jetbrains.kotlin.com.intellij.util.io.PersistentMapBuilder.build(PersistentMapBuilder.java:44)
        at org.jetbrains.kotlin.com.intellij.util.io.PersistentHashMap.<init>(PersistentHashMap.java:39)
        at org.jetbrains.kotlin.com.intellij.util.io.PersistentHashMap.<init>(PersistentHashMap.java:54)
        at org.jetbrains.kotlin.incremental.storage.CachingLazyStorage.createMap(CachingLazyStorage.kt:128)
        at org.jetbrains.kotlin.incremental.storage.CachingLazyStorage.getStorageOrCreateNew(CachingLazyStorage.kt:57)
        at org.jetbrains.kotlin.incremental.storage.CachingLazyStorage.set(CachingLazyStorage.kt:78)
        at org.jetbrains.kotlin.incremental.storage.SourceToOutputFilesMap.set(SourceToOutputFilesMap.kt:17)
        at org.jetbrains.kotlin.incremental.InputsCache.registerOutputForSourceFiles(InputsCache.kt:64)
        at org.jetbrains.kotlin.incremental.IncrementalCompilerRunner.doCompile(IncrementalCompilerRunner.kt:515)
        at org.jetbrains.kotlin.incremental.IncrementalCompilerRunner.compileImpl(IncrementalCompilerRunner.kt:400)
        at org.jetbrains.kotlin.incremental.IncrementalCompilerRunner.compileNonIncrementally(IncrementalCompilerRunner.kt:281)
        at org.jetbrains.kotlin.incremental.IncrementalCompilerRunner.compile(IncrementalCompilerRunner.kt:125)
        at org.jetbrains.kotlin.daemon.CompileServiceImplBase.execIncrementalCompiler(CompileServiceImpl.kt:657)
        at org.jetbrains.kotlin.daemon.CompileServiceImplBase.access$execIncrementalCompiler(CompileServiceImpl.kt:105)
        at org.jetbrains.kotlin.daemon.CompileServiceImpl.compile(CompileServiceImpl.kt:1624)
        at java.base/jdk.internal.reflect.DirectMethodHandleAccessor.invoke(DirectMethodHandleAccessor.java:104)
        at java.base/java.lang.reflect.Method.invoke(Method.java:565)
        at java.rmi/sun.rmi.server.UnicastServerRef.dispatch(UnicastServerRef.java:351)
        at java.rmi/sun.rmi.transport.Transport.serviceCall(Transport.java:166)
        at java.rmi/sun.rmi.transport.tcp.TCPTransport.handleMessages(TCPTransport.java:543)
        at java.rmi/sun.rmi.transport.tcp.TCPTransport$ConnectionHandler.run0(TCPTransport.java:744)
        at java.rmi/sun.rmi.transport.tcp.TCPTransport$ConnectionHandler.run(TCPTransport.java:623)
        ... 3 more

Failed to compile with Kotlin daemon: java.lang.Exception
        at org.jetbrains.kotlin.daemon.common.CompileService$CallResult$Error.get(CompileService.kt:69)
        at org.jetbrains.kotlin.daemon.common.CompileService$CallResult$Error.get(CompileService.kt:65)
        at org.jetbrains.kotlin.compilerRunner.GradleKotlinCompilerWork.compileWithDaemon(GradleKotlinCompilerWork.kt:244)
        at org.jetbrains.kotlin.compilerRunner.GradleKotlinCompilerWork.compileWithDaemonOrFallbackImpl(GradleKotlinCompilerWork.kt:175)
        at org.jetbrains.kotlin.compilerRunner.GradleKotlinCompilerWork.run(GradleKotlinCompilerWork.kt:135)
        at org.jetbrains.kotlin.compilerRunner.GradleCompilerRunnerWithWorkers$GradleKotlinCompilerWorkAction.execute(GradleCompilerRunnerWithWorkers.kt:73)
        at org.gradle.workers.internal.DefaultWorkerServer.execute(DefaultWorkerServer.java:63)
        at org.gradle.workers.internal.NoIsolationWorkerFactory$1$1.create(NoIsolationWorkerFactory.java:66)
        at org.gradle.workers.internal.NoIsolationWorkerFactory$1$1.create(NoIsolationWorkerFactory.java:62)
        at org.gradle.internal.classloader.ClassLoaderUtils.executeInClassloader(ClassLoaderUtils.java:100)
        at org.gradle.workers.internal.NoIsolationWorkerFactory$1.lambda$execute$0(NoIsolationWorkerFactory.java:62)
        at org.gradle.workers.internal.AbstractWorker$1.call(AbstractWorker.java:44)
        at org.gradle.workers.internal.AbstractWorker$1.call(AbstractWorker.java:41)
        at org.gradle.internal.operations.DefaultBuildOperationRunner$CallableBuildOperationWorker.execute(DefaultBuildOperationRunner.java:210)
        at org.gradle.internal.operations.DefaultBuildOperationRunner$CallableBuildOperationWorker.execute(DefaultBuildOperationRunner.java:205)
        at org.gradle.internal.operations.DefaultBuildOperationRunner$2.execute(DefaultBuildOperationRunner.java:67)
        at org.gradle.internal.operations.DefaultBuildOperationRunner$2.execute(DefaultBuildOperationRunner.java:60)
        at org.gradle.internal.operations.DefaultBuildOperationRunner.execute(DefaultBuildOperationRunner.java:167)
        at org.gradle.internal.operations.DefaultBuildOperationRunner.execute(DefaultBuildOperationRunner.java:60)
        at org.gradle.internal.operations.DefaultBuildOperationRunner.call(DefaultBuildOperationRunner.java:54)
        at org.gradle.workers.internal.AbstractWorker.executeWrappedInBuildOperation(AbstractWorker.java:41)
        at org.gradle.workers.internal.NoIsolationWorkerFactory$1.execute(NoIsolationWorkerFactory.java:59)
        at org.gradle.workers.internal.DefaultWorkerExecutor.lambda$submitWork$0(DefaultWorkerExecutor.java:174)
        at java.base/java.util.concurrent.FutureTask.run(FutureTask.java:328)
        at org.gradle.internal.work.DefaultConditionalExecutionQueue$ExecutionRunner.runExecution(DefaultConditionalExecutionQueue.java:194)
        at org.gradle.internal.work.DefaultConditionalExecutionQueue$ExecutionRunner.access$700(DefaultConditionalExecutionQueue.java:127)
        at org.gradle.internal.work.DefaultConditionalExecutionQueue$ExecutionRunner$1.run(DefaultConditionalExecutionQueue.java:169)
        at org.gradle.internal.Factories$1.create(Factories.java:31)
        at org.gradle.internal.work.DefaultWorkerLeaseService.withLocks(DefaultWorkerLeaseService.java:263)
        at org.gradle.internal.work.DefaultWorkerLeaseService.runAsWorkerThread(DefaultWorkerLeaseService.java:127)
        at org.gradle.internal.work.DefaultWorkerLeaseService.runAsWorkerThread(DefaultWorkerLeaseService.java:132)
        at org.gradle.internal.work.DefaultConditionalExecutionQueue$ExecutionRunner.runBatch(DefaultConditionalExecutionQueue.java:164)
        at org.gradle.internal.work.DefaultConditionalExecutionQueue$ExecutionRunner.run(DefaultConditionalExecutionQueue.java:133)
        at java.base/java.util.concurrent.Executors$RunnableAdapter.call(Executors.java:545)
        at java.base/java.util.concurrent.FutureTask.run(FutureTask.java:328)
        at org.gradle.internal.concurrent.ExecutorPolicy$CatchAndRecordFailures.onExecute(ExecutorPolicy.java:64)
        at org.gradle.internal.concurrent.AbstractManagedExecutor$1.run(AbstractManagedExecutor.java:48)
        at java.base/java.util.concurrent.ThreadPoolExecutor.runWorker(ThreadPoolExecutor.java:1090)
        at java.base/java.util.concurrent.ThreadPoolExecutor$Worker.run(ThreadPoolExecutor.java:614)
        at java.base/java.lang.Thread.run(Thread.java:1474)
Caused by: java.lang.IllegalArgumentException: 25.0.1
        at org.jetbrains.kotlin.com.intellij.util.lang.JavaVersion.parse(JavaVersion.java:305)
        at org.jetbrains.kotlin.com.intellij.util.lang.JavaVersion.current(JavaVersion.java:174)
        at org.jetbrains.kotlin.com.intellij.util.io.ByteBufferUtil.cleanBuffer(ByteBufferUtil.java:23)
        at org.jetbrains.kotlin.com.intellij.util.io.DirectBufferWrapper.release(DirectBufferWrapper.java:132)
        at org.jetbrains.kotlin.com.intellij.util.io.FilePageCache.disposeRemovedSegments(FilePageCache.java:190)
        at org.jetbrains.kotlin.com.intellij.util.io.FilePageCache.invalidateBuffer(FilePageCache.java:315)
        at org.jetbrains.kotlin.com.intellij.util.io.PagedFileStorage.resize(PagedFileStorage.java:273)
        at org.jetbrains.kotlin.com.intellij.util.io.ResizeableMappedFile.expand(ResizeableMappedFile.java:119)
        at org.jetbrains.kotlin.com.intellij.util.io.ResizeableMappedFile.ensureSize(ResizeableMappedFile.java:88)
        at org.jetbrains.kotlin.com.intellij.util.io.ResizeableMappedFile.putInt(ResizeableMappedFile.java:209)
        at org.jetbrains.kotlin.com.intellij.util.io.PersistentEnumeratorBase.markDirty(PersistentEnumeratorBase.java:564)
        at org.jetbrains.kotlin.com.intellij.util.io.PersistentEnumeratorBase.<init>(PersistentEnumeratorBase.java:141)
        at org.jetbrains.kotlin.com.intellij.util.io.PersistentBTreeEnumerator.<init>(PersistentBTreeEnumerator.java:93)
        at org.jetbrains.kotlin.com.intellij.util.io.PersistentEnumerator.createDefaultEnumerator(PersistentEnumerator.java:66)
        at org.jetbrains.kotlin.com.intellij.util.io.PersistentMapImpl.<init>(PersistentMapImpl.java:136)
        at org.jetbrains.kotlin.com.intellij.util.io.PersistentMapBuilder.buildImplementation(PersistentMapBuilder.java:62)
        at org.jetbrains.kotlin.com.intellij.util.io.PersistentMapBuilder.build(PersistentMapBuilder.java:44)
        at org.jetbrains.kotlin.com.intellij.util.io.PersistentHashMap.<init>(PersistentHashMap.java:39)
        at org.jetbrains.kotlin.com.intellij.util.io.PersistentHashMap.<init>(PersistentHashMap.java:54)
        at org.jetbrains.kotlin.incremental.storage.CachingLazyStorage.createMap(CachingLazyStorage.kt:128)
        at org.jetbrains.kotlin.incremental.storage.CachingLazyStorage.getStorageOrCreateNew(CachingLazyStorage.kt:57)
        at org.jetbrains.kotlin.incremental.storage.CachingLazyStorage.set(CachingLazyStorage.kt:78)
        at org.jetbrains.kotlin.incremental.storage.SourceToOutputFilesMap.set(SourceToOutputFilesMap.kt:17)
        at org.jetbrains.kotlin.incremental.InputsCache.registerOutputForSourceFiles(InputsCache.kt:64)
        at org.jetbrains.kotlin.incremental.IncrementalCompilerRunner.doCompile(IncrementalCompilerRunner.kt:515)
        at org.jetbrains.kotlin.incremental.IncrementalCompilerRunner.compileImpl(IncrementalCompilerRunner.kt:400)
        at org.jetbrains.kotlin.incremental.IncrementalCompilerRunner.compileNonIncrementally(IncrementalCompilerRunner.kt:281)
        at org.jetbrains.kotlin.incremental.IncrementalCompilerRunner.compile(IncrementalCompilerRunner.kt:125)
        at org.jetbrains.kotlin.daemon.CompileServiceImplBase.execIncrementalCompiler(CompileServiceImpl.kt:657)
        at org.jetbrains.kotlin.daemon.CompileServiceImplBase.access$execIncrementalCompiler(CompileServiceImpl.kt:105)
        at org.jetbrains.kotlin.daemon.CompileServiceImpl.compile(CompileServiceImpl.kt:1624)
        at java.base/jdk.internal.reflect.DirectMethodHandleAccessor.invoke(DirectMethodHandleAccessor.java:104)
        at java.base/java.lang.reflect.Method.invoke(Method.java:565)
        at java.rmi/sun.rmi.server.UnicastServerRef.dispatch(UnicastServerRef.java:351)
        at java.rmi/sun.rmi.transport.Transport.serviceCall(Transport.java:166)
        at java.rmi/sun.rmi.transport.tcp.TCPTransport.handleMessages(TCPTransport.java:543)
        at java.rmi/sun.rmi.transport.tcp.TCPTransport$ConnectionHandler.run0(TCPTransport.java:744)
        at java.rmi/sun.rmi.transport.tcp.TCPTransport$ConnectionHandler.run(TCPTransport.java:623)
        ... 3 more
Using fallback strategy: Compile without Kotlin daemon
Try ./gradlew --stop if this issue persists.
exception: WARNING: A restricted method in java.lang.System has been called
exception: WARNING: java.lang.System::loadLibrary has been called by org.jetbrains.kotlin.org.fusesource.hawtjni.runtime.Library in an unnamed module (file:/home/dcar/.gradle/caches/modules-2/files-2.1/org.jetbrains.kotlin/kotlin-compiler-embeddable/1.9.24/78dab849090e6c5e2eadb6e59a11cdc28fb67a08/kotlin-compiler-embeddable-1.9.24.jar)
exception: WARNING: Use --enable-native-access=ALL-UNNAMED to avoid a warning for callers in this module
exception: WARNING: Restricted methods will be blocked in a future release unless native access is enabled
exception: 
exception: WARNING: A terminally deprecated method in sun.misc.Unsafe has been called
exception: WARNING: sun.misc.Unsafe::objectFieldOffset has been called by org.jetbrains.kotlin.com.intellij.util.containers.ConcurrentLongObjectHashMap (file:/home/dcar/.gradle/caches/modules-2/files-2.1/org.jetbrains.kotlin/kotlin-compiler-embeddable/1.9.24/78dab849090e6c5e2eadb6e59a11cdc28fb67a08/kotlin-compiler-embeddable-1.9.24.jar)
exception: WARNING: Please consider reporting this to the maintainers of class org.jetbrains.kotlin.com.intellij.util.containers.ConcurrentLongObjectHashMap
exception: WARNING: sun.misc.Unsafe::objectFieldOffset will be removed in a future release
exception: app/src/main/java/ai/dcar/caldatewidget/ConfigActivity.kt:182:34: warning: parameter 'addToUndo' is never used
exception:     private fun saveAndBroadcast(addToUndo: Boolean = false) {
exception:                                  ^
exception: app/src/main/java/ai/dcar/caldatewidget/DateWidgetProvider.kt:54:21: warning: variable 'maxHeight' is never used
exception:                 val maxHeight = options.getInt(AppWidgetManager.OPTION_APPWIDGET_MAX_HEIGHT)
exception:                     ^
exception: app/src/main/java/ai/dcar/caldatewidget/DateWidgetProvider.kt:56:21: warning: variable 'maxWidth' is never used
exception:                 val maxWidth = options.getInt(AppWidgetManager.OPTION_APPWIDGET_MAX_WIDTH)
exception:                     ^

> Task :app:installDebug
Installing APK 'app-debug.apk' on 'SM-F936U1 - 16' for :app:debug
Installed on 1 device.

[Incubating] Problems report is available at: file:///home/dcar/projects/cal-date-widget/build/reports/problems/problems-report.html

Deprecated Gradle features were used in this build, making it incompatible with Gradle 9.0.

You can use '--warning-mode all' to show the individual deprecation warnings and determine if they come from your own scripts or plugins.

For more on this, please refer to https://docs.gradle.org/8.13/userguide/command_line_interface.html#sec:command_line_warnings in the Gradle documentation.

BUILD SUCCESSFUL in 8s
40 actionable tasks: 6 executed, 34 up-to-date
01:35:58 Wed Jan 14 dcar@bosgame ~/projects/cal-date-widget (main*)$
./gradlew installDebug

> Configure project :app
WARNING: The option 'android.keepTimestampsInApk' is deprecated.
The current default is 'false'.
It was removed in version 3.6 of the Android Gradle plugin.
The ability to keep timestamps in the APK is removed in AGP 3.6

> Task :app:compileDebugKotlin
w: file:///home/dcar/projects/cal-date-widget/app/src/main/java/ai/dcar/caldatewidget/ConfigActivity.kt:182:34 Parameter 'addToUndo' is never used
w: file:///home/dcar/projects/cal-date-widget/app/src/main/java/ai/dcar/caldatewidget/DateWidgetProvider.kt:54:21 Variable 'maxHeight' is never used
w: file:///home/dcar/projects/cal-date-widget/app/src/main/java/ai/dcar/caldatewidget/DateWidgetProvider.kt:56:21 Variable 'maxWidth' is never used
e: Daemon compilation failed: null
java.lang.Exception
        at org.jetbrains.kotlin.daemon.common.CompileService$CallResult$Error.get(CompileService.kt:69)
        at org.jetbrains.kotlin.daemon.common.CompileService$CallResult$Error.get(CompileService.kt:65)
        at org.jetbrains.kotlin.compilerRunner.GradleKotlinCompilerWork.compileWithDaemon(GradleKotlinCompilerWork.kt:244)
        at org.jetbrains.kotlin.compilerRunner.GradleKotlinCompilerWork.compileWithDaemonOrFallbackImpl(GradleKotlinCompilerWork.kt:175)
        at org.jetbrains.kotlin.compilerRunner.GradleKotlinCompilerWork.run(GradleKotlinCompilerWork.kt:135)
        at org.jetbrains.kotlin.compilerRunner.GradleCompilerRunnerWithWorkers$GradleKotlinCompilerWorkAction.execute(GradleCompilerRunnerWithWorkers.kt:73)
        at org.gradle.workers.internal.DefaultWorkerServer.execute(DefaultWorkerServer.java:63)
        at org.gradle.workers.internal.NoIsolationWorkerFactory$1$1.create(NoIsolationWorkerFactory.java:66)
        at org.gradle.workers.internal.NoIsolationWorkerFactory$1$1.create(NoIsolationWorkerFactory.java:62)
        at org.gradle.internal.classloader.ClassLoaderUtils.executeInClassloader(ClassLoaderUtils.java:100)
        at org.gradle.workers.internal.NoIsolationWorkerFactory$1.lambda$execute$0(NoIsolationWorkerFactory.java:62)
        at org.gradle.workers.internal.AbstractWorker$1.call(AbstractWorker.java:44)
        at org.gradle.workers.internal.AbstractWorker$1.call(AbstractWorker.java:41)
        at org.gradle.internal.operations.DefaultBuildOperationRunner$CallableBuildOperationWorker.execute(DefaultBuildOperationRunner.java:210)
        at org.gradle.internal.operations.DefaultBuildOperationRunner$CallableBuildOperationWorker.execute(DefaultBuildOperationRunner.java:205)
        at org.gradle.internal.operations.DefaultBuildOperationRunner$2.execute(DefaultBuildOperationRunner.java:67)
        at org.gradle.internal.operations.DefaultBuildOperationRunner$2.execute(DefaultBuildOperationRunner.java:60)
        at org.gradle.internal.operations.DefaultBuildOperationRunner.execute(DefaultBuildOperationRunner.java:167)
        at org.gradle.internal.operations.DefaultBuildOperationRunner.execute(DefaultBuildOperationRunner.java:60)
        at org.gradle.internal.operations.DefaultBuildOperationRunner.call(DefaultBuildOperationRunner.java:54)
        at org.gradle.workers.internal.AbstractWorker.executeWrappedInBuildOperation(AbstractWorker.java:41)
        at org.gradle.workers.internal.NoIsolationWorkerFactory$1.execute(NoIsolationWorkerFactory.java:59)
        at org.gradle.workers.internal.DefaultWorkerExecutor.lambda$submitWork$0(DefaultWorkerExecutor.java:174)
        at java.base/java.util.concurrent.FutureTask.run(FutureTask.java:328)
        at org.gradle.internal.work.DefaultConditionalExecutionQueue$ExecutionRunner.runExecution(DefaultConditionalExecutionQueue.java:194)
        at org.gradle.internal.work.DefaultConditionalExecutionQueue$ExecutionRunner.access$700(DefaultConditionalExecutionQueue.java:127)
        at org.gradle.internal.work.DefaultConditionalExecutionQueue$ExecutionRunner$1.run(DefaultConditionalExecutionQueue.java:169)
        at org.gradle.internal.Factories$1.create(Factories.java:31)
        at org.gradle.internal.work.DefaultWorkerLeaseService.withLocks(DefaultWorkerLeaseService.java:263)
        at org.gradle.internal.work.DefaultWorkerLeaseService.runAsWorkerThread(DefaultWorkerLeaseService.java:127)
        at org.gradle.internal.work.DefaultWorkerLeaseService.runAsWorkerThread(DefaultWorkerLeaseService.java:132)
        at org.gradle.internal.work.DefaultConditionalExecutionQueue$ExecutionRunner.runBatch(DefaultConditionalExecutionQueue.java:164)
        at org.gradle.internal.work.DefaultConditionalExecutionQueue$ExecutionRunner.run(DefaultConditionalExecutionQueue.java:133)
        at java.base/java.util.concurrent.Executors$RunnableAdapter.call(Executors.java:545)
        at java.base/java.util.concurrent.FutureTask.run(FutureTask.java:328)
        at org.gradle.internal.concurrent.ExecutorPolicy$CatchAndRecordFailures.onExecute(ExecutorPolicy.java:64)
        at org.gradle.internal.concurrent.AbstractManagedExecutor$1.run(AbstractManagedExecutor.java:48)
        at java.base/java.util.concurrent.ThreadPoolExecutor.runWorker(ThreadPoolExecutor.java:1090)
        at java.base/java.util.concurrent.ThreadPoolExecutor$Worker.run(ThreadPoolExecutor.java:614)
        at java.base/java.lang.Thread.run(Thread.java:1474)
Caused by: java.lang.IllegalArgumentException: 25.0.1
        at org.jetbrains.kotlin.com.intellij.util.lang.JavaVersion.parse(JavaVersion.java:305)
        at org.jetbrains.kotlin.com.intellij.util.lang.JavaVersion.current(JavaVersion.java:174)
        at org.jetbrains.kotlin.com.intellij.util.io.ByteBufferUtil.cleanBuffer(ByteBufferUtil.java:23)
        at org.jetbrains.kotlin.com.intellij.util.io.DirectBufferWrapper.release(DirectBufferWrapper.java:132)
        at org.jetbrains.kotlin.com.intellij.util.io.FilePageCache.disposeRemovedSegments(FilePageCache.java:190)
        at org.jetbrains.kotlin.com.intellij.util.io.FilePageCache.invalidateBuffer(FilePageCache.java:315)
        at org.jetbrains.kotlin.com.intellij.util.io.PagedFileStorage.resize(PagedFileStorage.java:273)
        at org.jetbrains.kotlin.com.intellij.util.io.ResizeableMappedFile.expand(ResizeableMappedFile.java:119)
        at org.jetbrains.kotlin.com.intellij.util.io.ResizeableMappedFile.ensureSize(ResizeableMappedFile.java:88)
        at org.jetbrains.kotlin.com.intellij.util.io.ResizeableMappedFile.putInt(ResizeableMappedFile.java:209)
        at org.jetbrains.kotlin.com.intellij.util.io.PersistentEnumeratorBase.markDirty(PersistentEnumeratorBase.java:564)
        at org.jetbrains.kotlin.com.intellij.util.io.PersistentEnumeratorBase.<init>(PersistentEnumeratorBase.java:141)
        at org.jetbrains.kotlin.com.intellij.util.io.PersistentBTreeEnumerator.<init>(PersistentBTreeEnumerator.java:93)
        at org.jetbrains.kotlin.com.intellij.util.io.PersistentEnumerator.createDefaultEnumerator(PersistentEnumerator.java:66)
        at org.jetbrains.kotlin.com.intellij.util.io.PersistentMapImpl.<init>(PersistentMapImpl.java:136)
        at org.jetbrains.kotlin.com.intellij.util.io.PersistentMapBuilder.buildImplementation(PersistentMapBuilder.java:62)
        at org.jetbrains.kotlin.com.intellij.util.io.PersistentMapBuilder.build(PersistentMapBuilder.java:44)
        at org.jetbrains.kotlin.com.intellij.util.io.PersistentHashMap.<init>(PersistentHashMap.java:39)
        at org.jetbrains.kotlin.com.intellij.util.io.PersistentHashMap.<init>(PersistentHashMap.java:54)
        at org.jetbrains.kotlin.incremental.storage.CachingLazyStorage.createMap(CachingLazyStorage.kt:128)
        at org.jetbrains.kotlin.incremental.storage.CachingLazyStorage.getStorageOrCreateNew(CachingLazyStorage.kt:57)
        at org.jetbrains.kotlin.incremental.storage.CachingLazyStorage.set(CachingLazyStorage.kt:78)
        at org.jetbrains.kotlin.incremental.storage.SourceToOutputFilesMap.set(SourceToOutputFilesMap.kt:17)
        at org.jetbrains.kotlin.incremental.InputsCache.registerOutputForSourceFiles(InputsCache.kt:64)
        at org.jetbrains.kotlin.incremental.IncrementalCompilerRunner.doCompile(IncrementalCompilerRunner.kt:515)
        at org.jetbrains.kotlin.incremental.IncrementalCompilerRunner.compileImpl(IncrementalCompilerRunner.kt:400)
        at org.jetbrains.kotlin.incremental.IncrementalCompilerRunner.compileNonIncrementally(IncrementalCompilerRunner.kt:281)
        at org.jetbrains.kotlin.incremental.IncrementalCompilerRunner.compile(IncrementalCompilerRunner.kt:125)
        at org.jetbrains.kotlin.daemon.CompileServiceImplBase.execIncrementalCompiler(CompileServiceImpl.kt:657)
        at org.jetbrains.kotlin.daemon.CompileServiceImplBase.access$execIncrementalCompiler(CompileServiceImpl.kt:105)
        at org.jetbrains.kotlin.daemon.CompileServiceImpl.compile(CompileServiceImpl.kt:1624)
        at java.base/jdk.internal.reflect.DirectMethodHandleAccessor.invoke(DirectMethodHandleAccessor.java:104)
        at java.base/java.lang.reflect.Method.invoke(Method.java:565)
        at java.rmi/sun.rmi.server.UnicastServerRef.dispatch(UnicastServerRef.java:351)
        at java.rmi/sun.rmi.transport.Transport.serviceCall(Transport.java:166)
        at java.rmi/sun.rmi.transport.tcp.TCPTransport.handleMessages(TCPTransport.java:543)
        at java.rmi/sun.rmi.transport.tcp.TCPTransport$ConnectionHandler.run0(TCPTransport.java:744)
        at java.rmi/sun.rmi.transport.tcp.TCPTransport$ConnectionHandler.run(TCPTransport.java:623)
        ... 3 more

Failed to compile with Kotlin daemon: java.lang.Exception
        at org.jetbrains.kotlin.daemon.common.CompileService$CallResult$Error.get(CompileService.kt:69)
        at org.jetbrains.kotlin.daemon.common.CompileService$CallResult$Error.get(CompileService.kt:65)
        at org.jetbrains.kotlin.compilerRunner.GradleKotlinCompilerWork.compileWithDaemon(GradleKotlinCompilerWork.kt:244)
        at org.jetbrains.kotlin.compilerRunner.GradleKotlinCompilerWork.compileWithDaemonOrFallbackImpl(GradleKotlinCompilerWork.kt:175)
        at org.jetbrains.kotlin.compilerRunner.GradleKotlinCompilerWork.run(GradleKotlinCompilerWork.kt:135)
        at org.jetbrains.kotlin.compilerRunner.GradleCompilerRunnerWithWorkers$GradleKotlinCompilerWorkAction.execute(GradleCompilerRunnerWithWorkers.kt:73)
        at org.gradle.workers.internal.DefaultWorkerServer.execute(DefaultWorkerServer.java:63)
        at org.gradle.workers.internal.NoIsolationWorkerFactory$1$1.create(NoIsolationWorkerFactory.java:66)
        at org.gradle.workers.internal.NoIsolationWorkerFactory$1$1.create(NoIsolationWorkerFactory.java:62)
        at org.gradle.internal.classloader.ClassLoaderUtils.executeInClassloader(ClassLoaderUtils.java:100)
        at org.gradle.workers.internal.NoIsolationWorkerFactory$1.lambda$execute$0(NoIsolationWorkerFactory.java:62)
        at org.gradle.workers.internal.AbstractWorker$1.call(AbstractWorker.java:44)
        at org.gradle.workers.internal.AbstractWorker$1.call(AbstractWorker.java:41)
        at org.gradle.internal.operations.DefaultBuildOperationRunner$CallableBuildOperationWorker.execute(DefaultBuildOperationRunner.java:210)
        at org.gradle.internal.operations.DefaultBuildOperationRunner$CallableBuildOperationWorker.execute(DefaultBuildOperationRunner.java:205)
        at org.gradle.internal.operations.DefaultBuildOperationRunner$2.execute(DefaultBuildOperationRunner.java:67)
        at org.gradle.internal.operations.DefaultBuildOperationRunner$2.execute(DefaultBuildOperationRunner.java:60)
        at org.gradle.internal.operations.DefaultBuildOperationRunner.execute(DefaultBuildOperationRunner.java:167)
        at org.gradle.internal.operations.DefaultBuildOperationRunner.execute(DefaultBuildOperationRunner.java:60)
        at org.gradle.internal.operations.DefaultBuildOperationRunner.call(DefaultBuildOperationRunner.java:54)
        at org.gradle.workers.internal.AbstractWorker.executeWrappedInBuildOperation(AbstractWorker.java:41)
        at org.gradle.workers.internal.NoIsolationWorkerFactory$1.execute(NoIsolationWorkerFactory.java:59)
        at org.gradle.workers.internal.DefaultWorkerExecutor.lambda$submitWork$0(DefaultWorkerExecutor.java:174)
        at java.base/java.util.concurrent.FutureTask.run(FutureTask.java:328)
        at org.gradle.internal.work.DefaultConditionalExecutionQueue$ExecutionRunner.runExecution(DefaultConditionalExecutionQueue.java:194)
        at org.gradle.internal.work.DefaultConditionalExecutionQueue$ExecutionRunner.access$700(DefaultConditionalExecutionQueue.java:127)
        at org.gradle.internal.work.DefaultConditionalExecutionQueue$ExecutionRunner$1.run(DefaultConditionalExecutionQueue.java:169)
        at org.gradle.internal.Factories$1.create(Factories.java:31)
        at org.gradle.internal.work.DefaultWorkerLeaseService.withLocks(DefaultWorkerLeaseService.java:263)
        at org.gradle.internal.work.DefaultWorkerLeaseService.runAsWorkerThread(DefaultWorkerLeaseService.java:127)
        at org.gradle.internal.work.DefaultWorkerLeaseService.runAsWorkerThread(DefaultWorkerLeaseService.java:132)
        at org.gradle.internal.work.DefaultConditionalExecutionQueue$ExecutionRunner.runBatch(DefaultConditionalExecutionQueue.java:164)
        at org.gradle.internal.work.DefaultConditionalExecutionQueue$ExecutionRunner.run(DefaultConditionalExecutionQueue.java:133)
        at java.base/java.util.concurrent.Executors$RunnableAdapter.call(Executors.java:545)
        at java.base/java.util.concurrent.FutureTask.run(FutureTask.java:328)
        at org.gradle.internal.concurrent.ExecutorPolicy$CatchAndRecordFailures.onExecute(ExecutorPolicy.java:64)
        at org.gradle.internal.concurrent.AbstractManagedExecutor$1.run(AbstractManagedExecutor.java:48)
        at java.base/java.util.concurrent.ThreadPoolExecutor.runWorker(ThreadPoolExecutor.java:1090)
        at java.base/java.util.concurrent.ThreadPoolExecutor$Worker.run(ThreadPoolExecutor.java:614)
        at java.base/java.lang.Thread.run(Thread.java:1474)
Caused by: java.lang.IllegalArgumentException: 25.0.1
        at org.jetbrains.kotlin.com.intellij.util.lang.JavaVersion.parse(JavaVersion.java:305)
        at org.jetbrains.kotlin.com.intellij.util.lang.JavaVersion.current(JavaVersion.java:174)
        at org.jetbrains.kotlin.com.intellij.util.io.ByteBufferUtil.cleanBuffer(ByteBufferUtil.java:23)
        at org.jetbrains.kotlin.com.intellij.util.io.DirectBufferWrapper.release(DirectBufferWrapper.java:132)
        at org.jetbrains.kotlin.com.intellij.util.io.FilePageCache.disposeRemovedSegments(FilePageCache.java:190)
        at org.jetbrains.kotlin.com.intellij.util.io.FilePageCache.invalidateBuffer(FilePageCache.java:315)
        at org.jetbrains.kotlin.com.intellij.util.io.PagedFileStorage.resize(PagedFileStorage.java:273)
        at org.jetbrains.kotlin.com.intellij.util.io.ResizeableMappedFile.expand(ResizeableMappedFile.java:119)
        at org.jetbrains.kotlin.com.intellij.util.io.ResizeableMappedFile.ensureSize(ResizeableMappedFile.java:88)
        at org.jetbrains.kotlin.com.intellij.util.io.ResizeableMappedFile.putInt(ResizeableMappedFile.java:209)
        at org.jetbrains.kotlin.com.intellij.util.io.PersistentEnumeratorBase.markDirty(PersistentEnumeratorBase.java:564)
        at org.jetbrains.kotlin.com.intellij.util.io.PersistentEnumeratorBase.<init>(PersistentEnumeratorBase.java:141)
        at org.jetbrains.kotlin.com.intellij.util.io.PersistentBTreeEnumerator.<init>(PersistentBTreeEnumerator.java:93)
        at org.jetbrains.kotlin.com.intellij.util.io.PersistentEnumerator.createDefaultEnumerator(PersistentEnumerator.java:66)
        at org.jetbrains.kotlin.com.intellij.util.io.PersistentMapImpl.<init>(PersistentMapImpl.java:136)
        at org.jetbrains.kotlin.com.intellij.util.io.PersistentMapBuilder.buildImplementation(PersistentMapBuilder.java:62)
        at org.jetbrains.kotlin.com.intellij.util.io.PersistentMapBuilder.build(PersistentMapBuilder.java:44)
        at org.jetbrains.kotlin.com.intellij.util.io.PersistentHashMap.<init>(PersistentHashMap.java:39)
        at org.jetbrains.kotlin.com.intellij.util.io.PersistentHashMap.<init>(PersistentHashMap.java:54)
        at org.jetbrains.kotlin.incremental.storage.CachingLazyStorage.createMap(CachingLazyStorage.kt:128)
        at org.jetbrains.kotlin.incremental.storage.CachingLazyStorage.getStorageOrCreateNew(CachingLazyStorage.kt:57)
        at org.jetbrains.kotlin.incremental.storage.CachingLazyStorage.set(CachingLazyStorage.kt:78)
        at org.jetbrains.kotlin.incremental.storage.SourceToOutputFilesMap.set(SourceToOutputFilesMap.kt:17)
        at org.jetbrains.kotlin.incremental.InputsCache.registerOutputForSourceFiles(InputsCache.kt:64)
        at org.jetbrains.kotlin.incremental.IncrementalCompilerRunner.doCompile(IncrementalCompilerRunner.kt:515)
        at org.jetbrains.kotlin.incremental.IncrementalCompilerRunner.compileImpl(IncrementalCompilerRunner.kt:400)
        at org.jetbrains.kotlin.incremental.IncrementalCompilerRunner.compileNonIncrementally(IncrementalCompilerRunner.kt:281)
        at org.jetbrains.kotlin.incremental.IncrementalCompilerRunner.compile(IncrementalCompilerRunner.kt:125)
        at org.jetbrains.kotlin.daemon.CompileServiceImplBase.execIncrementalCompiler(CompileServiceImpl.kt:657)
        at org.jetbrains.kotlin.daemon.CompileServiceImplBase.access$execIncrementalCompiler(CompileServiceImpl.kt:105)
        at org.jetbrains.kotlin.daemon.CompileServiceImpl.compile(CompileServiceImpl.kt:1624)
        at java.base/jdk.internal.reflect.DirectMethodHandleAccessor.invoke(DirectMethodHandleAccessor.java:104)
        at java.base/java.lang.reflect.Method.invoke(Method.java:565)
        at java.rmi/sun.rmi.server.UnicastServerRef.dispatch(UnicastServerRef.java:351)
        at java.rmi/sun.rmi.transport.Transport.serviceCall(Transport.java:166)
        at java.rmi/sun.rmi.transport.tcp.TCPTransport.handleMessages(TCPTransport.java:543)
        at java.rmi/sun.rmi.transport.tcp.TCPTransport$ConnectionHandler.run0(TCPTransport.java:744)
        at java.rmi/sun.rmi.transport.tcp.TCPTransport$ConnectionHandler.run(TCPTransport.java:623)
        ... 3 more
Using fallback strategy: Compile without Kotlin daemon
Try ./gradlew --stop if this issue persists.
exception: WARNING: A restricted method in java.lang.System has been called
exception: WARNING: java.lang.System::loadLibrary has been called by org.jetbrains.kotlin.org.fusesource.hawtjni.runtime.Library in an unnamed module (file:/home/dcar/.gradle/caches/modules-2/files-2.1/org.jetbrains.kotlin/kotlin-compiler-embeddable/1.9.24/78dab849090e6c5e2eadb6e59a11cdc28fb67a08/kotlin-compiler-embeddable-1.9.24.jar)
exception: WARNING: Use --enable-native-access=ALL-UNNAMED to avoid a warning for callers in this module
exception: WARNING: Restricted methods will be blocked in a future release unless native access is enabled
exception: 
exception: WARNING: A terminally deprecated method in sun.misc.Unsafe has been called
exception: WARNING: sun.misc.Unsafe::objectFieldOffset has been called by org.jetbrains.kotlin.com.intellij.util.containers.ConcurrentLongObjectHashMap (file:/home/dcar/.gradle/caches/modules-2/files-2.1/org.jetbrains.kotlin/kotlin-compiler-embeddable/1.9.24/78dab849090e6c5e2eadb6e59a11cdc28fb67a08/kotlin-compiler-embeddable-1.9.24.jar)
exception: WARNING: Please consider reporting this to the maintainers of class org.jetbrains.kotlin.com.intellij.util.containers.ConcurrentLongObjectHashMap
exception: WARNING: sun.misc.Unsafe::objectFieldOffset will be removed in a future release
exception: app/src/main/java/ai/dcar/caldatewidget/ConfigActivity.kt:182:34: warning: parameter 'addToUndo' is never used
exception:     private fun saveAndBroadcast(addToUndo: Boolean = false) {
exception:                                  ^
exception: app/src/main/java/ai/dcar/caldatewidget/DateWidgetProvider.kt:54:21: warning: variable 'maxHeight' is never used
exception:                 val maxHeight = options.getInt(AppWidgetManager.OPTION_APPWIDGET_MAX_HEIGHT)
exception:                     ^
exception: app/src/main/java/ai/dcar/caldatewidget/DateWidgetProvider.kt:56:21: warning: variable 'maxWidth' is never used
exception:                 val maxWidth = options.getInt(AppWidgetManager.OPTION_APPWIDGET_MAX_WIDTH)
exception:                     ^

> Task :app:installDebug
Installing APK 'app-debug.apk' on 'SM-F936U1 - 16' for :app:debug
Installed on 1 device.

[Incubating] Problems report is available at: file:///home/dcar/projects/cal-date-widget/build/reports/problems/problems-report.html

Deprecated Gradle features were used in this build, making it incompatible with Gradle 9.0.

You can use '--warning-mode all' to show the individual deprecation warnings and determine if they come from your own scripts or plugins.

For more on this, please refer to https://docs.gradle.org/8.13/userguide/command_line_interface.html#sec:command_line_warnings in the Gradle documentation.

BUILD SUCCESSFUL in 10s
40 actionable tasks: 6 executed, 34 up-to-date
01:40:13 Wed Jan 14 dcar@bosgame ~/projects/cal-date-widget (main*)$


